Calling `DidYouMean::SPELL_CHECKERS.merge!(error_name => spell_checker)' has been deprecated. Please call `DidYouMean.correct_error(error_name, spell_checker)' instead.
Calling `DidYouMean::SPELL_CHECKERS.merge!(error_name => spell_checker)' has been deprecated. Please call `DidYouMean.correct_error(error_name, spell_checker)' instead.
2022-12-05T14:47:55.580Z pid=6216 tid=1kg INFO: Booted Rails 7.0.4 application in development environment
2022-12-05T14:47:55.580Z pid=6216 tid=1kg INFO: Running in ruby 3.1.2p20 (2022-04-12 revision 4491bb740a) [x86_64-linux]
2022-12-05T14:47:55.580Z pid=6216 tid=1kg INFO: See LICENSE and the LGPL-3.0 for licensing details.
2022-12-05T14:47:55.580Z pid=6216 tid=1kg INFO: Upgrade to Sidekiq Pro for more features and support: https://sidekiq.org
2022-12-05T14:47:55.580Z pid=6216 tid=1kg INFO: Booting Sidekiq 6.5.5 with Sidekiq::RedisConnection::RedisAdapter options {}
2022-12-05T15:37:57.756Z pid=6216 tid=1htc class=ActiveStorage::AnalyzeJob jid=7f7c33018e4c528e148cc2fa INFO: start
2022-12-05T15:37:59.498Z pid=6216 tid=1htc class=ActiveStorage::AnalyzeJob jid=7f7c33018e4c528e148cc2fa INFO: Performing ActiveStorage::AnalyzeJob (Job ID: 239ab391-4115-44aa-818d-d47cafb60bfc) from Sidekiq(default) enqueued at 2022-12-05T15:37:57Z with arguments: #<GlobalID:0x00007f16b6735fb8 @uri=#<URI::GID gid://lcyc/ActiveStorage::Blob/20>>
2022-12-05T15:38:00.474Z pid=6216 tid=1htc class=ActiveStorage::AnalyzeJob jid=7f7c33018e4c528e148cc2fa INFO: [36m  Disk Storage (1.5ms) [0m[34mDownloaded file from key: iomq0v2l19v21ssdsohybx9un7ix[0m
2022-12-05T15:38:00.769Z pid=6216 tid=1htc class=ActiveStorage::AnalyzeJob jid=7f7c33018e4c528e148cc2fa INFO: Performed ActiveStorage::AnalyzeJob (Job ID: 239ab391-4115-44aa-818d-d47cafb60bfc) from Sidekiq(default) in 2230.55ms
2022-12-05T15:38:00.769Z pid=6216 tid=1htc class=ActiveStorage::AnalyzeJob jid=7f7c33018e4c528e148cc2fa elapsed=3.013 INFO: done
2022-12-05T18:08:46.463Z pid=6216 tid=1htc class=ActiveStorage::PurgeJob jid=04f35116099ccd0c4a0edc00 INFO: start
2022-12-05T18:08:48.110Z pid=6216 tid=1htc class=ActiveStorage::PurgeJob jid=04f35116099ccd0c4a0edc00 INFO: Performing ActiveStorage::PurgeJob (Job ID: 66b05c6e-4f79-4173-869f-3d09772bd7fa) from Sidekiq(default) enqueued at 2022-12-05T18:08:46Z with arguments: #<GlobalID:0x00007f16b4d30a00 @uri=#<URI::GID gid://lcyc/ActiveStorage::Blob/18>>
2022-12-05T18:08:48.707Z pid=6216 tid=1htc class=ActiveStorage::PurgeJob jid=04f35116099ccd0c4a0edc00 INFO: Enqueued ActiveStorage::PurgeJob (Job ID: f6ad4c4b-cc7f-45ac-a3c1-b80816cadede) to Sidekiq(default) with arguments: #<GlobalID:0x00007f16b4c34ea8 @uri=#<URI::GID gid://lcyc/ActiveStorage::Blob/19>>
2022-12-05T18:08:48.711Z pid=6216 tid=1htc class=ActiveStorage::PurgeJob jid=04f35116099ccd0c4a0edc00 INFO: [36m  Disk Storage (0.2ms) [0m[31mDeleted file from key: gjvbi504e7afakoxcyrg3w0f71tq[0m
2022-12-05T18:08:48.712Z pid=6216 tid=1htc class=ActiveStorage::PurgeJob jid=04f35116099ccd0c4a0edc00 INFO: Performed ActiveStorage::PurgeJob (Job ID: 66b05c6e-4f79-4173-869f-3d09772bd7fa) from Sidekiq(default) in 774.34ms
2022-12-05T18:08:48.712Z pid=6216 tid=1htc class=ActiveStorage::PurgeJob jid=04f35116099ccd0c4a0edc00 elapsed=2.249 INFO: done
2022-12-05T18:08:48.712Z pid=6216 tid=1htc class=ActiveStorage::PurgeJob jid=68830057c2b46476e47030a9 INFO: start
2022-12-05T18:08:48.773Z pid=6216 tid=1htc class=ActiveStorage::PurgeJob jid=68830057c2b46476e47030a9 INFO: Performing ActiveStorage::PurgeJob (Job ID: f6ad4c4b-cc7f-45ac-a3c1-b80816cadede) from Sidekiq(default) enqueued at 2022-12-05T18:08:48Z with arguments: #<GlobalID:0x00007f16b4c0bad0 @uri=#<URI::GID gid://lcyc/ActiveStorage::Blob/19>>
2022-12-05T18:08:49.168Z pid=6216 tid=1htc class=ActiveStorage::PurgeJob jid=68830057c2b46476e47030a9 INFO: Enqueued ActiveStorage::PurgeJob (Job ID: 26c7b4b9-679a-43ad-9288-8408172c12d9) to Sidekiq(default) with arguments: #<GlobalID:0x00007f16b4bd4738 @uri=#<URI::GID gid://lcyc/ActiveStorage::Blob/20>>
2022-12-05T18:08:49.171Z pid=6216 tid=1htc class=ActiveStorage::PurgeJob jid=68830057c2b46476e47030a9 INFO: [36m  Disk Storage (0.1ms) [0m[31mDeleted file from key: y5qbdjjd656b6n1b5afqb5mvdu6o[0m
2022-12-05T18:08:49.175Z pid=6216 tid=1htc class=ActiveStorage::PurgeJob jid=68830057c2b46476e47030a9 INFO: [36m  Disk Storage (0.1ms) [0m[31mDeleted files by key prefix: variants/y5qbdjjd656b6n1b5afqb5mvdu6o/[0m
2022-12-05T18:08:49.176Z pid=6216 tid=1htc class=ActiveStorage::PurgeJob jid=68830057c2b46476e47030a9 INFO: Performed ActiveStorage::PurgeJob (Job ID: f6ad4c4b-cc7f-45ac-a3c1-b80816cadede) from Sidekiq(default) in 409.24ms
2022-12-05T18:08:49.177Z pid=6216 tid=1htc class=ActiveStorage::PurgeJob jid=68830057c2b46476e47030a9 elapsed=0.464 INFO: done
2022-12-05T18:08:49.177Z pid=6216 tid=1htc class=ActiveStorage::PurgeJob jid=630768cb9bfaee7aaa66babb INFO: start
2022-12-05T18:08:49.199Z pid=6216 tid=1htc class=ActiveStorage::PurgeJob jid=630768cb9bfaee7aaa66babb INFO: Performing ActiveStorage::PurgeJob (Job ID: 26c7b4b9-679a-43ad-9288-8408172c12d9) from Sidekiq(default) enqueued at 2022-12-05T18:08:49Z with arguments: #<GlobalID:0x00007f16b49f3ec8 @uri=#<URI::GID gid://lcyc/ActiveStorage::Blob/20>>
2022-12-05T18:08:49.356Z pid=6216 tid=1htc class=ActiveStorage::PurgeJob jid=630768cb9bfaee7aaa66babb INFO: [36m  Disk Storage (0.1ms) [0m[31mDeleted file from key: iomq0v2l19v21ssdsohybx9un7ix[0m
2022-12-05T18:08:49.356Z pid=6216 tid=1htc class=ActiveStorage::PurgeJob jid=630768cb9bfaee7aaa66babb INFO: [36m  Disk Storage (0.1ms) [0m[31mDeleted files by key prefix: variants/iomq0v2l19v21ssdsohybx9un7ix/[0m
2022-12-05T18:08:49.357Z pid=6216 tid=1htc class=ActiveStorage::PurgeJob jid=630768cb9bfaee7aaa66babb INFO: Performed ActiveStorage::PurgeJob (Job ID: 26c7b4b9-679a-43ad-9288-8408172c12d9) from Sidekiq(default) in 165.0ms
2022-12-05T18:08:49.359Z pid=6216 tid=1htc class=ActiveStorage::PurgeJob jid=630768cb9bfaee7aaa66babb elapsed=0.181 INFO: done
